ISim log file
Running: /home/student/Vivaldo/testbench_isim_beh.exe -intstyle ise -gui -tclbatch isim.cmd -wdb /home/student/Vivaldo/testbench_isim_beh.wdb 
ISim P.49d (signature 0xfbc00daa)
WARNING: A WEBPACK license was found.
WARNING: Please use Xilinx License Configuration Manager to check out a full ISim license.
WARNING: ISim will run in Lite mode. Please refer to the ISim documentation for more information on the differences between the Lite and the Full version.
This is a Lite version of ISim.
WARNING: File "/home/student/Vivaldo/memory_controller.v" Line 40.  For instance mem_ctrl/counter_addr_wr/, width 1 of formal port en is not equal to width 3 of actual variable start. 
WARNING: File "/home/student/Vivaldo/memory_controller.v" Line 41.  For instance mem_ctrl/counter_addr_wr/, width 4 of formal port out is not equal to width 5 of actual signal counter_out_wr_w.
Time resolution is 1 ps
# onerror resume
# wave add /
# run 1000 ns
Simulator is doing circuit initialization process.
Block Memory Generator CORE Generator module testbench.top.mem_ctrl.data_mem.inst.\native_mem_module.blk_mem_gen_v7_3_inst  is using a behavioral model for simulation which will not precisely model memory collision behavior.
Finished circuit initialization process.
# run 1.00ms
blk_mem_gen_v7_3 collision detected at time: 20006000, A write address: 0, B read address: 0
blk_mem_gen_v7_3 collision detected at time: 20008000, A write address: 0, B read address: 0
blk_mem_gen_v7_3 collision detected at time: 20010000, A write address: 0, B read address: 0
blk_mem_gen_v7_3 collision detected at time: 20012000, A write address: 0, B read address: 0
blk_mem_gen_v7_3 collision detected at time: 20014000, A write address: 0, B read address: 0
blk_mem_gen_v7_3 collision detected at time: 20016000, A write address: 0, B read address: 0
blk_mem_gen_v7_3 collision detected at time: 20018000, A write address: 0, B read address: 0
blk_mem_gen_v7_3 collision detected at time: 20020000, A write address: 0, B read address: 0
blk_mem_gen_v7_3 collision detected at time: 20022000, A write address: 0, B read address: 0
blk_mem_gen_v7_3 collision detected at time: 40026000, A write address: 0, B read address: 0
blk_mem_gen_v7_3 collision detected at time: 40028000, A write address: 0, B read address: 0
blk_mem_gen_v7_3 collision detected at time: 40030000, A write address: 0, B read address: 0
blk_mem_gen_v7_3 collision detected at time: 40032000, A write address: 0, B read address: 0
blk_mem_gen_v7_3 collision detected at time: 40034000, A write address: 0, B read address: 0
blk_mem_gen_v7_3 collision detected at time: 40036000, A write address: 0, B read address: 0
blk_mem_gen_v7_3 collision detected at time: 40038000, A write address: 0, B read address: 0
blk_mem_gen_v7_3 collision detected at time: 40040000, A write address: 0, B read address: 0
blk_mem_gen_v7_3 collision detected at time: 40042000, A write address: 0, B read address: 0
blk_mem_gen_v7_3 collision detected at time: 60046000, A write address: 0, B read address: 0
blk_mem_gen_v7_3 collision detected at time: 60048000, A write address: 0, B read address: 0
blk_mem_gen_v7_3 collision detected at time: 60050000, A write address: 0, B read address: 0
blk_mem_gen_v7_3 collision detected at time: 60052000, A write address: 0, B read address: 0
blk_mem_gen_v7_3 collision detected at time: 60054000, A write address: 0, B read address: 0
blk_mem_gen_v7_3 collision detected at time: 60056000, A write address: 0, B read address: 0
blk_mem_gen_v7_3 collision detected at time: 60058000, A write address: 0, B read address: 0
blk_mem_gen_v7_3 collision detected at time: 60060000, A write address: 0, B read address: 0
blk_mem_gen_v7_3 collision detected at time: 60062000, A write address: 0, B read address: 0
blk_mem_gen_v7_3 collision detected at time: 80066000, A write address: 0, B read address: 0
blk_mem_gen_v7_3 collision detected at time: 80068000, A write address: 0, B read address: 0
blk_mem_gen_v7_3 collision detected at time: 80070000, A write address: 0, B read address: 0
blk_mem_gen_v7_3 collision detected at time: 80072000, A write address: 0, B read address: 0
blk_mem_gen_v7_3 collision detected at time: 80074000, A write address: 0, B read address: 0
blk_mem_gen_v7_3 collision detected at time: 80076000, A write address: 0, B read address: 0
blk_mem_gen_v7_3 collision detected at time: 80078000, A write address: 0, B read address: 0
blk_mem_gen_v7_3 collision detected at time: 80080000, A write address: 0, B read address: 0
blk_mem_gen_v7_3 collision detected at time: 80082000, A write address: 0, B read address: 0
blk_mem_gen_v7_3 collision detected at time: 100086000, A write address: 0, B read address: 0
blk_mem_gen_v7_3 collision detected at time: 100088000, A write address: 0, B read address: 0
blk_mem_gen_v7_3 collision detected at time: 100090000, A write address: 0, B read address: 0
blk_mem_gen_v7_3 collision detected at time: 100092000, A write address: 0, B read address: 0
blk_mem_gen_v7_3 collision detected at time: 100094000, A write address: 0, B read address: 0
blk_mem_gen_v7_3 collision detected at time: 100096000, A write address: 0, B read address: 0
blk_mem_gen_v7_3 collision detected at time: 100098000, A write address: 0, B read address: 0
blk_mem_gen_v7_3 collision detected at time: 100100000, A write address: 0, B read address: 0
blk_mem_gen_v7_3 collision detected at time: 100102000, A write address: 0, B read address: 0
blk_mem_gen_v7_3 collision detected at time: 120106000, A write address: 0, B read address: 0
blk_mem_gen_v7_3 collision detected at time: 120108000, A write address: 0, B read address: 0
blk_mem_gen_v7_3 collision detected at time: 120110000, A write address: 0, B read address: 0
blk_mem_gen_v7_3 collision detected at time: 120112000, A write address: 0, B read address: 0
blk_mem_gen_v7_3 collision detected at time: 120114000, A write address: 0, B read address: 0
blk_mem_gen_v7_3 collision detected at time: 120116000, A write address: 0, B read address: 0
blk_mem_gen_v7_3 collision detected at time: 120118000, A write address: 0, B read address: 0
blk_mem_gen_v7_3 collision detected at time: 120120000, A write address: 0, B read address: 0
blk_mem_gen_v7_3 collision detected at time: 120122000, A write address: 0, B read address: 0
blk_mem_gen_v7_3 collision detected at time: 140126000, A write address: 0, B read address: 0
blk_mem_gen_v7_3 collision detected at time: 140128000, A write address: 0, B read address: 0
blk_mem_gen_v7_3 collision detected at time: 140130000, A write address: 0, B read address: 0
blk_mem_gen_v7_3 collision detected at time: 140132000, A write address: 0, B read address: 0
blk_mem_gen_v7_3 collision detected at time: 140134000, A write address: 0, B read address: 0
blk_mem_gen_v7_3 collision detected at time: 140136000, A write address: 0, B read address: 0
blk_mem_gen_v7_3 collision detected at time: 140138000, A write address: 0, B read address: 0
blk_mem_gen_v7_3 collision detected at time: 140140000, A write address: 0, B read address: 0
blk_mem_gen_v7_3 collision detected at time: 140142000, A write address: 0, B read address: 0
blk_mem_gen_v7_3 collision detected at time: 160146000, A write address: 0, B read address: 0
blk_mem_gen_v7_3 collision detected at time: 160148000, A write address: 0, B read address: 0
blk_mem_gen_v7_3 collision detected at time: 160150000, A write address: 0, B read address: 0
blk_mem_gen_v7_3 collision detected at time: 160152000, A write address: 0, B read address: 0
blk_mem_gen_v7_3 collision detected at time: 160154000, A write address: 0, B read address: 0
blk_mem_gen_v7_3 collision detected at time: 160156000, A write address: 0, B read address: 0
blk_mem_gen_v7_3 collision detected at time: 160158000, A write address: 0, B read address: 0
blk_mem_gen_v7_3 collision detected at time: 160160000, A write address: 0, B read address: 0
blk_mem_gen_v7_3 collision detected at time: 160162000, A write address: 0, B read address: 0
blk_mem_gen_v7_3 collision detected at time: 180166000, A write address: 0, B read address: 0
blk_mem_gen_v7_3 collision detected at time: 180168000, A write address: 0, B read address: 0
blk_mem_gen_v7_3 collision detected at time: 180170000, A write address: 0, B read address: 0
blk_mem_gen_v7_3 collision detected at time: 180172000, A write address: 0, B read address: 0
blk_mem_gen_v7_3 collision detected at time: 180174000, A write address: 0, B read address: 0
blk_mem_gen_v7_3 collision detected at time: 180176000, A write address: 0, B read address: 0
blk_mem_gen_v7_3 collision detected at time: 180178000, A write address: 0, B read address: 0
blk_mem_gen_v7_3 collision detected at time: 180180000, A write address: 0, B read address: 0
blk_mem_gen_v7_3 collision detected at time: 180182000, A write address: 0, B read address: 0
blk_mem_gen_v7_3 collision detected at time: 200186000, A write address: 0, B read address: 0
blk_mem_gen_v7_3 collision detected at time: 200188000, A write address: 0, B read address: 0
blk_mem_gen_v7_3 collision detected at time: 200190000, A write address: 0, B read address: 0
blk_mem_gen_v7_3 collision detected at time: 200192000, A write address: 0, B read address: 0
blk_mem_gen_v7_3 collision detected at time: 200194000, A write address: 0, B read address: 0
blk_mem_gen_v7_3 collision detected at time: 200196000, A write address: 0, B read address: 0
blk_mem_gen_v7_3 collision detected at time: 200198000, A write address: 0, B read address: 0
blk_mem_gen_v7_3 collision detected at time: 200200000, A write address: 0, B read address: 0
blk_mem_gen_v7_3 collision detected at time: 200202000, A write address: 0, B read address: 0
blk_mem_gen_v7_3 collision detected at time: 220206000, A write address: 0, B read address: 0
blk_mem_gen_v7_3 collision detected at time: 220208000, A write address: 0, B read address: 0
blk_mem_gen_v7_3 collision detected at time: 220210000, A write address: 0, B read address: 0
blk_mem_gen_v7_3 collision detected at time: 220212000, A write address: 0, B read address: 0
blk_mem_gen_v7_3 collision detected at time: 220214000, A write address: 0, B read address: 0
blk_mem_gen_v7_3 collision detected at time: 220216000, A write address: 0, B read address: 0
blk_mem_gen_v7_3 collision detected at time: 220218000, A write address: 0, B read address: 0
blk_mem_gen_v7_3 collision detected at time: 220220000, A write address: 0, B read address: 0
blk_mem_gen_v7_3 collision detected at time: 220222000, A write address: 0, B read address: 0
blk_mem_gen_v7_3 collision detected at time: 240226000, A write address: 0, B read address: 0
blk_mem_gen_v7_3 collision detected at time: 240228000, A write address: 0, B read address: 0
blk_mem_gen_v7_3 collision detected at time: 240230000, A write address: 0, B read address: 0
blk_mem_gen_v7_3 collision detected at time: 240232000, A write address: 0, B read address: 0
blk_mem_gen_v7_3 collision detected at time: 240234000, A write address: 0, B read address: 0
blk_mem_gen_v7_3 collision detected at time: 240236000, A write address: 0, B read address: 0
blk_mem_gen_v7_3 collision detected at time: 240238000, A write address: 0, B read address: 0
blk_mem_gen_v7_3 collision detected at time: 240240000, A write address: 0, B read address: 0
blk_mem_gen_v7_3 collision detected at time: 240242000, A write address: 0, B read address: 0
blk_mem_gen_v7_3 collision detected at time: 260246000, A write address: 0, B read address: 0
blk_mem_gen_v7_3 collision detected at time: 260248000, A write address: 0, B read address: 0
blk_mem_gen_v7_3 collision detected at time: 260250000, A write address: 0, B read address: 0
blk_mem_gen_v7_3 collision detected at time: 260252000, A write address: 0, B read address: 0
blk_mem_gen_v7_3 collision detected at time: 260254000, A write address: 0, B read address: 0
blk_mem_gen_v7_3 collision detected at time: 260256000, A write address: 0, B read address: 0
blk_mem_gen_v7_3 collision detected at time: 260258000, A write address: 0, B read address: 0
blk_mem_gen_v7_3 collision detected at time: 260260000, A write address: 0, B read address: 0
blk_mem_gen_v7_3 collision detected at time: 260262000, A write address: 0, B read address: 0
blk_mem_gen_v7_3 collision detected at time: 280266000, A write address: 0, B read address: 0
blk_mem_gen_v7_3 collision detected at time: 280268000, A write address: 0, B read address: 0
blk_mem_gen_v7_3 collision detected at time: 280270000, A write address: 0, B read address: 0
blk_mem_gen_v7_3 collision detected at time: 280272000, A write address: 0, B read address: 0
blk_mem_gen_v7_3 collision detected at time: 280274000, A write address: 0, B read address: 0
blk_mem_gen_v7_3 collision detected at time: 280276000, A write address: 0, B read address: 0
blk_mem_gen_v7_3 collision detected at time: 280278000, A write address: 0, B read address: 0
blk_mem_gen_v7_3 collision detected at time: 280280000, A write address: 0, B read address: 0
blk_mem_gen_v7_3 collision detected at time: 280282000, A write address: 0, B read address: 0
blk_mem_gen_v7_3 collision detected at time: 300286000, A write address: 0, B read address: 0
blk_mem_gen_v7_3 collision detected at time: 300288000, A write address: 0, B read address: 0
blk_mem_gen_v7_3 collision detected at time: 300290000, A write address: 0, B read address: 0
blk_mem_gen_v7_3 collision detected at time: 300292000, A write address: 0, B read address: 0
blk_mem_gen_v7_3 collision detected at time: 300294000, A write address: 0, B read address: 0
blk_mem_gen_v7_3 collision detected at time: 300296000, A write address: 0, B read address: 0
blk_mem_gen_v7_3 collision detected at time: 300298000, A write address: 0, B read address: 0
blk_mem_gen_v7_3 collision detected at time: 300300000, A write address: 0, B read address: 0
blk_mem_gen_v7_3 collision detected at time: 300302000, A write address: 0, B read address: 0
blk_mem_gen_v7_3 collision detected at time: 320306000, A write address: 0, B read address: 0
blk_mem_gen_v7_3 collision detected at time: 320308000, A write address: 0, B read address: 0
blk_mem_gen_v7_3 collision detected at time: 320310000, A write address: 0, B read address: 0
blk_mem_gen_v7_3 collision detected at time: 320312000, A write address: 0, B read address: 0
blk_mem_gen_v7_3 collision detected at time: 320314000, A write address: 0, B read address: 0
blk_mem_gen_v7_3 collision detected at time: 320316000, A write address: 0, B read address: 0
blk_mem_gen_v7_3 collision detected at time: 320318000, A write address: 0, B read address: 0
blk_mem_gen_v7_3 collision detected at time: 320320000, A write address: 0, B read address: 0
blk_mem_gen_v7_3 collision detected at time: 320322000, A write address: 0, B read address: 0
blk_mem_gen_v7_3 collision detected at time: 340326000, A write address: 0, B read address: 0
blk_mem_gen_v7_3 collision detected at time: 340328000, A write address: 0, B read address: 0
blk_mem_gen_v7_3 collision detected at time: 340330000, A write address: 0, B read address: 0
blk_mem_gen_v7_3 collision detected at time: 340332000, A write address: 0, B read address: 0
blk_mem_gen_v7_3 collision detected at time: 340334000, A write address: 0, B read address: 0
blk_mem_gen_v7_3 collision detected at time: 340336000, A write address: 0, B read address: 0
blk_mem_gen_v7_3 collision detected at time: 340338000, A write address: 0, B read address: 0
blk_mem_gen_v7_3 collision detected at time: 340340000, A write address: 0, B read address: 0
blk_mem_gen_v7_3 collision detected at time: 340342000, A write address: 0, B read address: 0
blk_mem_gen_v7_3 collision detected at time: 360346000, A write address: 0, B read address: 0
blk_mem_gen_v7_3 collision detected at time: 360348000, A write address: 0, B read address: 0
blk_mem_gen_v7_3 collision detected at time: 360350000, A write address: 0, B read address: 0
blk_mem_gen_v7_3 collision detected at time: 360352000, A write address: 0, B read address: 0
blk_mem_gen_v7_3 collision detected at time: 360354000, A write address: 0, B read address: 0
blk_mem_gen_v7_3 collision detected at time: 360356000, A write address: 0, B read address: 0
blk_mem_gen_v7_3 collision detected at time: 360358000, A write address: 0, B read address: 0
blk_mem_gen_v7_3 collision detected at time: 360360000, A write address: 0, B read address: 0
blk_mem_gen_v7_3 collision detected at time: 360362000, A write address: 0, B read address: 0
blk_mem_gen_v7_3 collision detected at time: 380366000, A write address: 0, B read address: 0
blk_mem_gen_v7_3 collision detected at time: 380368000, A write address: 0, B read address: 0
blk_mem_gen_v7_3 collision detected at time: 380370000, A write address: 0, B read address: 0
blk_mem_gen_v7_3 collision detected at time: 380372000, A write address: 0, B read address: 0
blk_mem_gen_v7_3 collision detected at time: 380374000, A write address: 0, B read address: 0
blk_mem_gen_v7_3 collision detected at time: 380376000, A write address: 0, B read address: 0
blk_mem_gen_v7_3 collision detected at time: 380378000, A write address: 0, B read address: 0
blk_mem_gen_v7_3 collision detected at time: 380380000, A write address: 0, B read address: 0
blk_mem_gen_v7_3 collision detected at time: 380382000, A write address: 0, B read address: 0
blk_mem_gen_v7_3 collision detected at time: 400386000, A write address: 0, B read address: 0
blk_mem_gen_v7_3 collision detected at time: 400388000, A write address: 0, B read address: 0
blk_mem_gen_v7_3 collision detected at time: 400390000, A write address: 0, B read address: 0
blk_mem_gen_v7_3 collision detected at time: 400392000, A write address: 0, B read address: 0
blk_mem_gen_v7_3 collision detected at time: 400394000, A write address: 0, B read address: 0
blk_mem_gen_v7_3 collision detected at time: 400396000, A write address: 0, B read address: 0
blk_mem_gen_v7_3 collision detected at time: 400398000, A write address: 0, B read address: 0
blk_mem_gen_v7_3 collision detected at time: 400400000, A write address: 0, B read address: 0
blk_mem_gen_v7_3 collision detected at time: 400402000, A write address: 0, B read address: 0
blk_mem_gen_v7_3 collision detected at time: 420406000, A write address: 0, B read address: 0
blk_mem_gen_v7_3 collision detected at time: 420408000, A write address: 0, B read address: 0
blk_mem_gen_v7_3 collision detected at time: 420410000, A write address: 0, B read address: 0
blk_mem_gen_v7_3 collision detected at time: 420412000, A write address: 0, B read address: 0
blk_mem_gen_v7_3 collision detected at time: 420414000, A write address: 0, B read address: 0
blk_mem_gen_v7_3 collision detected at time: 420416000, A write address: 0, B read address: 0
blk_mem_gen_v7_3 collision detected at time: 420418000, A write address: 0, B read address: 0
blk_mem_gen_v7_3 collision detected at time: 420420000, A write address: 0, B read address: 0
blk_mem_gen_v7_3 collision detected at time: 420422000, A write address: 0, B read address: 0
blk_mem_gen_v7_3 collision detected at time: 440426000, A write address: 0, B read address: 0
blk_mem_gen_v7_3 collision detected at time: 440428000, A write address: 0, B read address: 0
blk_mem_gen_v7_3 collision detected at time: 440430000, A write address: 0, B read address: 0
blk_mem_gen_v7_3 collision detected at time: 440432000, A write address: 0, B read address: 0
blk_mem_gen_v7_3 collision detected at time: 440434000, A write address: 0, B read address: 0
blk_mem_gen_v7_3 collision detected at time: 440436000, A write address: 0, B read address: 0
blk_mem_gen_v7_3 collision detected at time: 440438000, A write address: 0, B read address: 0
blk_mem_gen_v7_3 collision detected at time: 440440000, A write address: 0, B read address: 0
blk_mem_gen_v7_3 collision detected at time: 440442000, A write address: 0, B read address: 0
blk_mem_gen_v7_3 collision detected at time: 460446000, A write address: 0, B read address: 0
blk_mem_gen_v7_3 collision detected at time: 460448000, A write address: 0, B read address: 0
blk_mem_gen_v7_3 collision detected at time: 460450000, A write address: 0, B read address: 0
blk_mem_gen_v7_3 collision detected at time: 460452000, A write address: 0, B read address: 0
blk_mem_gen_v7_3 collision detected at time: 460454000, A write address: 0, B read address: 0
blk_mem_gen_v7_3 collision detected at time: 460456000, A write address: 0, B read address: 0
blk_mem_gen_v7_3 collision detected at time: 460458000, A write address: 0, B read address: 0
blk_mem_gen_v7_3 collision detected at time: 460460000, A write address: 0, B read address: 0
blk_mem_gen_v7_3 collision detected at time: 460462000, A write address: 0, B read address: 0
blk_mem_gen_v7_3 collision detected at time: 480466000, A write address: 0, B read address: 0
blk_mem_gen_v7_3 collision detected at time: 480468000, A write address: 0, B read address: 0
blk_mem_gen_v7_3 collision detected at time: 480470000, A write address: 0, B read address: 0
blk_mem_gen_v7_3 collision detected at time: 480472000, A write address: 0, B read address: 0
blk_mem_gen_v7_3 collision detected at time: 480474000, A write address: 0, B read address: 0
blk_mem_gen_v7_3 collision detected at time: 480476000, A write address: 0, B read address: 0
blk_mem_gen_v7_3 collision detected at time: 480478000, A write address: 0, B read address: 0
blk_mem_gen_v7_3 collision detected at time: 480480000, A write address: 0, B read address: 0
blk_mem_gen_v7_3 collision detected at time: 480482000, A write address: 0, B read address: 0
blk_mem_gen_v7_3 collision detected at time: 500486000, A write address: 0, B read address: 0
blk_mem_gen_v7_3 collision detected at time: 500488000, A write address: 0, B read address: 0
blk_mem_gen_v7_3 collision detected at time: 500490000, A write address: 0, B read address: 0
blk_mem_gen_v7_3 collision detected at time: 500492000, A write address: 0, B read address: 0
blk_mem_gen_v7_3 collision detected at time: 500494000, A write address: 0, B read address: 0
blk_mem_gen_v7_3 collision detected at time: 500496000, A write address: 0, B read address: 0
blk_mem_gen_v7_3 collision detected at time: 500498000, A write address: 0, B read address: 0
blk_mem_gen_v7_3 collision detected at time: 500500000, A write address: 0, B read address: 0
blk_mem_gen_v7_3 collision detected at time: 500502000, A write address: 0, B read address: 0
blk_mem_gen_v7_3 collision detected at time: 520506000, A write address: 0, B read address: 0
blk_mem_gen_v7_3 collision detected at time: 520508000, A write address: 0, B read address: 0
blk_mem_gen_v7_3 collision detected at time: 520510000, A write address: 0, B read address: 0
blk_mem_gen_v7_3 collision detected at time: 520512000, A write address: 0, B read address: 0
blk_mem_gen_v7_3 collision detected at time: 520514000, A write address: 0, B read address: 0
blk_mem_gen_v7_3 collision detected at time: 520516000, A write address: 0, B read address: 0
blk_mem_gen_v7_3 collision detected at time: 520518000, A write address: 0, B read address: 0
blk_mem_gen_v7_3 collision detected at time: 520520000, A write address: 0, B read address: 0
blk_mem_gen_v7_3 collision detected at time: 520522000, A write address: 0, B read address: 0
blk_mem_gen_v7_3 collision detected at time: 540526000, A write address: 0, B read address: 0
blk_mem_gen_v7_3 collision detected at time: 540528000, A write address: 0, B read address: 0
blk_mem_gen_v7_3 collision detected at time: 540530000, A write address: 0, B read address: 0
blk_mem_gen_v7_3 collision detected at time: 540532000, A write address: 0, B read address: 0
blk_mem_gen_v7_3 collision detected at time: 540534000, A write address: 0, B read address: 0
blk_mem_gen_v7_3 collision detected at time: 540536000, A write address: 0, B read address: 0
blk_mem_gen_v7_3 collision detected at time: 540538000, A write address: 0, B read address: 0
blk_mem_gen_v7_3 collision detected at time: 540540000, A write address: 0, B read address: 0
blk_mem_gen_v7_3 collision detected at time: 540542000, A write address: 0, B read address: 0
blk_mem_gen_v7_3 collision detected at time: 560546000, A write address: 0, B read address: 0
blk_mem_gen_v7_3 collision detected at time: 560548000, A write address: 0, B read address: 0
blk_mem_gen_v7_3 collision detected at time: 560550000, A write address: 0, B read address: 0
blk_mem_gen_v7_3 collision detected at time: 560552000, A write address: 0, B read address: 0
blk_mem_gen_v7_3 collision detected at time: 560554000, A write address: 0, B read address: 0
blk_mem_gen_v7_3 collision detected at time: 560556000, A write address: 0, B read address: 0
blk_mem_gen_v7_3 collision detected at time: 560558000, A write address: 0, B read address: 0
blk_mem_gen_v7_3 collision detected at time: 560560000, A write address: 0, B read address: 0
blk_mem_gen_v7_3 collision detected at time: 560562000, A write address: 0, B read address: 0
blk_mem_gen_v7_3 collision detected at time: 580566000, A write address: 0, B read address: 0
blk_mem_gen_v7_3 collision detected at time: 580568000, A write address: 0, B read address: 0
blk_mem_gen_v7_3 collision detected at time: 580570000, A write address: 0, B read address: 0
blk_mem_gen_v7_3 collision detected at time: 580572000, A write address: 0, B read address: 0
blk_mem_gen_v7_3 collision detected at time: 580574000, A write address: 0, B read address: 0
blk_mem_gen_v7_3 collision detected at time: 580576000, A write address: 0, B read address: 0
blk_mem_gen_v7_3 collision detected at time: 580578000, A write address: 0, B read address: 0
blk_mem_gen_v7_3 collision detected at time: 580580000, A write address: 0, B read address: 0
blk_mem_gen_v7_3 collision detected at time: 580582000, A write address: 0, B read address: 0
blk_mem_gen_v7_3 collision detected at time: 600586000, A write address: 0, B read address: 0
blk_mem_gen_v7_3 collision detected at time: 600588000, A write address: 0, B read address: 0
blk_mem_gen_v7_3 collision detected at time: 600590000, A write address: 0, B read address: 0
blk_mem_gen_v7_3 collision detected at time: 600592000, A write address: 0, B read address: 0
blk_mem_gen_v7_3 collision detected at time: 600594000, A write address: 0, B read address: 0
blk_mem_gen_v7_3 collision detected at time: 600596000, A write address: 0, B read address: 0
blk_mem_gen_v7_3 collision detected at time: 600598000, A write address: 0, B read address: 0
blk_mem_gen_v7_3 collision detected at time: 600600000, A write address: 0, B read address: 0
blk_mem_gen_v7_3 collision detected at time: 600602000, A write address: 0, B read address: 0
blk_mem_gen_v7_3 collision detected at time: 620606000, A write address: 0, B read address: 0
blk_mem_gen_v7_3 collision detected at time: 620608000, A write address: 0, B read address: 0
blk_mem_gen_v7_3 collision detected at time: 620610000, A write address: 0, B read address: 0
blk_mem_gen_v7_3 collision detected at time: 620612000, A write address: 0, B read address: 0
blk_mem_gen_v7_3 collision detected at time: 620614000, A write address: 0, B read address: 0
blk_mem_gen_v7_3 collision detected at time: 620616000, A write address: 0, B read address: 0
blk_mem_gen_v7_3 collision detected at time: 620618000, A write address: 0, B read address: 0
blk_mem_gen_v7_3 collision detected at time: 620620000, A write address: 0, B read address: 0
blk_mem_gen_v7_3 collision detected at time: 620622000, A write address: 0, B read address: 0
blk_mem_gen_v7_3 collision detected at time: 640626000, A write address: 0, B read address: 0
blk_mem_gen_v7_3 collision detected at time: 640628000, A write address: 0, B read address: 0
blk_mem_gen_v7_3 collision detected at time: 640630000, A write address: 0, B read address: 0
blk_mem_gen_v7_3 collision detected at time: 640632000, A write address: 0, B read address: 0
blk_mem_gen_v7_3 collision detected at time: 640634000, A write address: 0, B read address: 0
blk_mem_gen_v7_3 collision detected at time: 640636000, A write address: 0, B read address: 0
blk_mem_gen_v7_3 collision detected at time: 640638000, A write address: 0, B read address: 0
blk_mem_gen_v7_3 collision detected at time: 640640000, A write address: 0, B read address: 0
blk_mem_gen_v7_3 collision detected at time: 640642000, A write address: 0, B read address: 0
blk_mem_gen_v7_3 collision detected at time: 660646000, A write address: 0, B read address: 0
blk_mem_gen_v7_3 collision detected at time: 660648000, A write address: 0, B read address: 0
blk_mem_gen_v7_3 collision detected at time: 660650000, A write address: 0, B read address: 0
blk_mem_gen_v7_3 collision detected at time: 660652000, A write address: 0, B read address: 0
blk_mem_gen_v7_3 collision detected at time: 660654000, A write address: 0, B read address: 0
blk_mem_gen_v7_3 collision detected at time: 660656000, A write address: 0, B read address: 0
blk_mem_gen_v7_3 collision detected at time: 660658000, A write address: 0, B read address: 0
blk_mem_gen_v7_3 collision detected at time: 660660000, A write address: 0, B read address: 0
blk_mem_gen_v7_3 collision detected at time: 660662000, A write address: 0, B read address: 0
blk_mem_gen_v7_3 collision detected at time: 680666000, A write address: 0, B read address: 0
blk_mem_gen_v7_3 collision detected at time: 680668000, A write address: 0, B read address: 0
blk_mem_gen_v7_3 collision detected at time: 680670000, A write address: 0, B read address: 0
blk_mem_gen_v7_3 collision detected at time: 680672000, A write address: 0, B read address: 0
blk_mem_gen_v7_3 collision detected at time: 680674000, A write address: 0, B read address: 0
blk_mem_gen_v7_3 collision detected at time: 680676000, A write address: 0, B read address: 0
blk_mem_gen_v7_3 collision detected at time: 680678000, A write address: 0, B read address: 0
blk_mem_gen_v7_3 collision detected at time: 680680000, A write address: 0, B read address: 0
blk_mem_gen_v7_3 collision detected at time: 680682000, A write address: 0, B read address: 0
blk_mem_gen_v7_3 collision detected at time: 700686000, A write address: 0, B read address: 0
blk_mem_gen_v7_3 collision detected at time: 700688000, A write address: 0, B read address: 0
blk_mem_gen_v7_3 collision detected at time: 700690000, A write address: 0, B read address: 0
blk_mem_gen_v7_3 collision detected at time: 700692000, A write address: 0, B read address: 0
blk_mem_gen_v7_3 collision detected at time: 700694000, A write address: 0, B read address: 0
blk_mem_gen_v7_3 collision detected at time: 700696000, A write address: 0, B read address: 0
blk_mem_gen_v7_3 collision detected at time: 700698000, A write address: 0, B read address: 0
blk_mem_gen_v7_3 collision detected at time: 700700000, A write address: 0, B read address: 0
blk_mem_gen_v7_3 collision detected at time: 700702000, A write address: 0, B read address: 0
blk_mem_gen_v7_3 collision detected at time: 720706000, A write address: 0, B read address: 0
blk_mem_gen_v7_3 collision detected at time: 720708000, A write address: 0, B read address: 0
blk_mem_gen_v7_3 collision detected at time: 720710000, A write address: 0, B read address: 0
blk_mem_gen_v7_3 collision detected at time: 720712000, A write address: 0, B read address: 0
blk_mem_gen_v7_3 collision detected at time: 720714000, A write address: 0, B read address: 0
blk_mem_gen_v7_3 collision detected at time: 720716000, A write address: 0, B read address: 0
blk_mem_gen_v7_3 collision detected at time: 720718000, A write address: 0, B read address: 0
blk_mem_gen_v7_3 collision detected at time: 720720000, A write address: 0, B read address: 0
blk_mem_gen_v7_3 collision detected at time: 720722000, A write address: 0, B read address: 0
blk_mem_gen_v7_3 collision detected at time: 740726000, A write address: 0, B read address: 0
blk_mem_gen_v7_3 collision detected at time: 740728000, A write address: 0, B read address: 0
blk_mem_gen_v7_3 collision detected at time: 740730000, A write address: 0, B read address: 0
blk_mem_gen_v7_3 collision detected at time: 740732000, A write address: 0, B read address: 0
blk_mem_gen_v7_3 collision detected at time: 740734000, A write address: 0, B read address: 0
blk_mem_gen_v7_3 collision detected at time: 740736000, A write address: 0, B read address: 0
blk_mem_gen_v7_3 collision detected at time: 740738000, A write address: 0, B read address: 0
blk_mem_gen_v7_3 collision detected at time: 740740000, A write address: 0, B read address: 0
blk_mem_gen_v7_3 collision detected at time: 740742000, A write address: 0, B read address: 0
blk_mem_gen_v7_3 collision detected at time: 760746000, A write address: 0, B read address: 0
blk_mem_gen_v7_3 collision detected at time: 760748000, A write address: 0, B read address: 0
blk_mem_gen_v7_3 collision detected at time: 760750000, A write address: 0, B read address: 0
blk_mem_gen_v7_3 collision detected at time: 760752000, A write address: 0, B read address: 0
blk_mem_gen_v7_3 collision detected at time: 760754000, A write address: 0, B read address: 0
blk_mem_gen_v7_3 collision detected at time: 760756000, A write address: 0, B read address: 0
blk_mem_gen_v7_3 collision detected at time: 760758000, A write address: 0, B read address: 0
blk_mem_gen_v7_3 collision detected at time: 760760000, A write address: 0, B read address: 0
blk_mem_gen_v7_3 collision detected at time: 760762000, A write address: 0, B read address: 0
blk_mem_gen_v7_3 collision detected at time: 780766000, A write address: 0, B read address: 0
blk_mem_gen_v7_3 collision detected at time: 780768000, A write address: 0, B read address: 0
blk_mem_gen_v7_3 collision detected at time: 780770000, A write address: 0, B read address: 0
blk_mem_gen_v7_3 collision detected at time: 780772000, A write address: 0, B read address: 0
blk_mem_gen_v7_3 collision detected at time: 780774000, A write address: 0, B read address: 0
blk_mem_gen_v7_3 collision detected at time: 780776000, A write address: 0, B read address: 0
blk_mem_gen_v7_3 collision detected at time: 780778000, A write address: 0, B read address: 0
blk_mem_gen_v7_3 collision detected at time: 780780000, A write address: 0, B read address: 0
blk_mem_gen_v7_3 collision detected at time: 780782000, A write address: 0, B read address: 0
blk_mem_gen_v7_3 collision detected at time: 800786000, A write address: 0, B read address: 0
blk_mem_gen_v7_3 collision detected at time: 800788000, A write address: 0, B read address: 0
blk_mem_gen_v7_3 collision detected at time: 800790000, A write address: 0, B read address: 0
blk_mem_gen_v7_3 collision detected at time: 800792000, A write address: 0, B read address: 0
blk_mem_gen_v7_3 collision detected at time: 800794000, A write address: 0, B read address: 0
blk_mem_gen_v7_3 collision detected at time: 800796000, A write address: 0, B read address: 0
blk_mem_gen_v7_3 collision detected at time: 800798000, A write address: 0, B read address: 0
blk_mem_gen_v7_3 collision detected at time: 800800000, A write address: 0, B read address: 0
blk_mem_gen_v7_3 collision detected at time: 800802000, A write address: 0, B read address: 0
blk_mem_gen_v7_3 collision detected at time: 820806000, A write address: 0, B read address: 0
blk_mem_gen_v7_3 collision detected at time: 820808000, A write address: 0, B read address: 0
blk_mem_gen_v7_3 collision detected at time: 820810000, A write address: 0, B read address: 0
blk_mem_gen_v7_3 collision detected at time: 820812000, A write address: 0, B read address: 0
blk_mem_gen_v7_3 collision detected at time: 820814000, A write address: 0, B read address: 0
blk_mem_gen_v7_3 collision detected at time: 820816000, A write address: 0, B read address: 0
blk_mem_gen_v7_3 collision detected at time: 820818000, A write address: 0, B read address: 0
blk_mem_gen_v7_3 collision detected at time: 820820000, A write address: 0, B read address: 0
blk_mem_gen_v7_3 collision detected at time: 820822000, A write address: 0, B read address: 0
blk_mem_gen_v7_3 collision detected at time: 840826000, A write address: 0, B read address: 0
blk_mem_gen_v7_3 collision detected at time: 840828000, A write address: 0, B read address: 0
blk_mem_gen_v7_3 collision detected at time: 840830000, A write address: 0, B read address: 0
blk_mem_gen_v7_3 collision detected at time: 840832000, A write address: 0, B read address: 0
blk_mem_gen_v7_3 collision detected at time: 840834000, A write address: 0, B read address: 0
blk_mem_gen_v7_3 collision detected at time: 840836000, A write address: 0, B read address: 0
blk_mem_gen_v7_3 collision detected at time: 840838000, A write address: 0, B read address: 0
blk_mem_gen_v7_3 collision detected at time: 840840000, A write address: 0, B read address: 0
blk_mem_gen_v7_3 collision detected at time: 840842000, A write address: 0, B read address: 0
blk_mem_gen_v7_3 collision detected at time: 860846000, A write address: 0, B read address: 0
blk_mem_gen_v7_3 collision detected at time: 860848000, A write address: 0, B read address: 0
blk_mem_gen_v7_3 collision detected at time: 860850000, A write address: 0, B read address: 0
blk_mem_gen_v7_3 collision detected at time: 860852000, A write address: 0, B read address: 0
blk_mem_gen_v7_3 collision detected at time: 860854000, A write address: 0, B read address: 0
blk_mem_gen_v7_3 collision detected at time: 860856000, A write address: 0, B read address: 0
blk_mem_gen_v7_3 collision detected at time: 860858000, A write address: 0, B read address: 0
blk_mem_gen_v7_3 collision detected at time: 860860000, A write address: 0, B read address: 0
blk_mem_gen_v7_3 collision detected at time: 860862000, A write address: 0, B read address: 0
blk_mem_gen_v7_3 collision detected at time: 880866000, A write address: 0, B read address: 0
blk_mem_gen_v7_3 collision detected at time: 880868000, A write address: 0, B read address: 0
blk_mem_gen_v7_3 collision detected at time: 880870000, A write address: 0, B read address: 0
blk_mem_gen_v7_3 collision detected at time: 880872000, A write address: 0, B read address: 0
blk_mem_gen_v7_3 collision detected at time: 880874000, A write address: 0, B read address: 0
blk_mem_gen_v7_3 collision detected at time: 880876000, A write address: 0, B read address: 0
blk_mem_gen_v7_3 collision detected at time: 880878000, A write address: 0, B read address: 0
blk_mem_gen_v7_3 collision detected at time: 880880000, A write address: 0, B read address: 0
blk_mem_gen_v7_3 collision detected at time: 880882000, A write address: 0, B read address: 0
blk_mem_gen_v7_3 collision detected at time: 900886000, A write address: 0, B read address: 0
blk_mem_gen_v7_3 collision detected at time: 900888000, A write address: 0, B read address: 0
blk_mem_gen_v7_3 collision detected at time: 900890000, A write address: 0, B read address: 0
blk_mem_gen_v7_3 collision detected at time: 900892000, A write address: 0, B read address: 0
blk_mem_gen_v7_3 collision detected at time: 900894000, A write address: 0, B read address: 0
blk_mem_gen_v7_3 collision detected at time: 900896000, A write address: 0, B read address: 0
blk_mem_gen_v7_3 collision detected at time: 900898000, A write address: 0, B read address: 0
blk_mem_gen_v7_3 collision detected at time: 900900000, A write address: 0, B read address: 0
blk_mem_gen_v7_3 collision detected at time: 900902000, A write address: 0, B read address: 0
blk_mem_gen_v7_3 collision detected at time: 920906000, A write address: 0, B read address: 0
blk_mem_gen_v7_3 collision detected at time: 920908000, A write address: 0, B read address: 0
blk_mem_gen_v7_3 collision detected at time: 920910000, A write address: 0, B read address: 0
blk_mem_gen_v7_3 collision detected at time: 920912000, A write address: 0, B read address: 0
blk_mem_gen_v7_3 collision detected at time: 920914000, A write address: 0, B read address: 0
blk_mem_gen_v7_3 collision detected at time: 920916000, A write address: 0, B read address: 0
blk_mem_gen_v7_3 collision detected at time: 920918000, A write address: 0, B read address: 0
blk_mem_gen_v7_3 collision detected at time: 920920000, A write address: 0, B read address: 0
blk_mem_gen_v7_3 collision detected at time: 920922000, A write address: 0, B read address: 0
blk_mem_gen_v7_3 collision detected at time: 940926000, A write address: 0, B read address: 0
blk_mem_gen_v7_3 collision detected at time: 940928000, A write address: 0, B read address: 0
blk_mem_gen_v7_3 collision detected at time: 940930000, A write address: 0, B read address: 0
blk_mem_gen_v7_3 collision detected at time: 940932000, A write address: 0, B read address: 0
blk_mem_gen_v7_3 collision detected at time: 940934000, A write address: 0, B read address: 0
blk_mem_gen_v7_3 collision detected at time: 940936000, A write address: 0, B read address: 0
blk_mem_gen_v7_3 collision detected at time: 940938000, A write address: 0, B read address: 0
blk_mem_gen_v7_3 collision detected at time: 940940000, A write address: 0, B read address: 0
blk_mem_gen_v7_3 collision detected at time: 940942000, A write address: 0, B read address: 0
blk_mem_gen_v7_3 collision detected at time: 960946000, A write address: 0, B read address: 0
blk_mem_gen_v7_3 collision detected at time: 960948000, A write address: 0, B read address: 0
blk_mem_gen_v7_3 collision detected at time: 960950000, A write address: 0, B read address: 0
blk_mem_gen_v7_3 collision detected at time: 960952000, A write address: 0, B read address: 0
blk_mem_gen_v7_3 collision detected at time: 960954000, A write address: 0, B read address: 0
blk_mem_gen_v7_3 collision detected at time: 960956000, A write address: 0, B read address: 0
blk_mem_gen_v7_3 collision detected at time: 960958000, A write address: 0, B read address: 0
blk_mem_gen_v7_3 collision detected at time: 960960000, A write address: 0, B read address: 0
blk_mem_gen_v7_3 collision detected at time: 960962000, A write address: 0, B read address: 0
blk_mem_gen_v7_3 collision detected at time: 980966000, A write address: 0, B read address: 0
blk_mem_gen_v7_3 collision detected at time: 980968000, A write address: 0, B read address: 0
blk_mem_gen_v7_3 collision detected at time: 980970000, A write address: 0, B read address: 0
blk_mem_gen_v7_3 collision detected at time: 980972000, A write address: 0, B read address: 0
blk_mem_gen_v7_3 collision detected at time: 980974000, A write address: 0, B read address: 0
blk_mem_gen_v7_3 collision detected at time: 980976000, A write address: 0, B read address: 0
blk_mem_gen_v7_3 collision detected at time: 980978000, A write address: 0, B read address: 0
blk_mem_gen_v7_3 collision detected at time: 980980000, A write address: 0, B read address: 0
blk_mem_gen_v7_3 collision detected at time: 980982000, A write address: 0, B read address: 0
blk_mem_gen_v7_3 collision detected at time: 1000986000, A write address: 0, B read address: 0
blk_mem_gen_v7_3 collision detected at time: 1000988000, A write address: 0, B read address: 0
blk_mem_gen_v7_3 collision detected at time: 1000990000, A write address: 0, B read address: 0
blk_mem_gen_v7_3 collision detected at time: 1000992000, A write address: 0, B read address: 0
blk_mem_gen_v7_3 collision detected at time: 1000994000, A write address: 0, B read address: 0
blk_mem_gen_v7_3 collision detected at time: 1000996000, A write address: 0, B read address: 0
blk_mem_gen_v7_3 collision detected at time: 1000998000, A write address: 0, B read address: 0
blk_mem_gen_v7_3 collision detected at time: 1001000000, A write address: 0, B read address: 0
# exit 0
